<?xml version="1.0" encoding="UTF-8"?>
<!-- Generated by org.testng.reporters.JUnitXMLReporter -->
<testsuite ignored="17" hostname="DELL" failures="0" tests="5" name="Test" time="64.934" errors="0" timestamp="2023-01-04T17:02:00 PST">
  <testcase classname="TestCases.FinalPageTest" name="verifyURLTest" time="0.018"/>
  <testcase classname="TestCases.cartTest" name="verifyURLTest" time="0.009"/>
  <testcase classname="TestCases.CompletePageTest" name="verifyURLTest" time="0.013"/>
  <testcase classname="TestCases.CheckoutPageTest" name="verifyURLTest" time="0.008"/>
  <testcase classname="TestCases.InventoryPageTest" name="verifyURLTest" time="0.012"/>
  <testcase classname="TestCases.CompletePageTest" name="verifyCheckoutCompleteTextTest" time="0.0">
    <ignored/>
  </testcase> <!-- verifyCheckoutCompleteTextTest -->
  <testcase classname="TestCases.InventoryPageTest" name="verifySwagLabLogoTest" time="0.0">
    <ignored/>
  </testcase> <!-- verifySwagLabLogoTest -->
  <testcase classname="TestCases.FinalPageTest" name="verifyFinishBtnTest" time="0.0">
    <ignored/>
  </testcase> <!-- verifyFinishBtnTest -->
  <testcase classname="TestCases.CompletePageTest" name="verifyPonnyExpress" time="0.0">
    <ignored/>
  </testcase> <!-- verifyPonnyExpress -->
  <testcase classname="TestCases.InventoryPageTest" name="verifyProductTextTest" time="0.0">
    <ignored/>
  </testcase> <!-- verifyProductTextTest -->
  <testcase classname="TestCases.cartTest" name="verifyRemoveProductTest" time="0.0">
    <ignored/>
  </testcase> <!-- verifyRemoveProductTest -->
  <testcase classname="TestCases.FinalPageTest" name="verifyTextTest" time="0.0">
    <ignored/>
  </testcase> <!-- verifyTextTest -->
  <testcase classname="TestCases.FinalPageTest" name="verifyCancelBtnTest" time="0.0">
    <ignored/>
  </testcase> <!-- verifyCancelBtnTest -->
  <testcase classname="TestCases.CheckoutPageTest" name="verifyInformationTest" time="0.0">
    <ignored/>
  </testcase> <!-- verifyInformationTest -->
  <testcase classname="TestCases.InventoryPageTest" name="verifyTitleTest" time="0.0">
    <ignored/>
  </testcase> <!-- verifyTitleTest -->
  <testcase classname="TestCases.CompletePageTest" name="verifyBackToHomeBtnTest" time="0.0">
    <ignored/>
  </testcase> <!-- verifyBackToHomeBtnTest -->
  <testcase classname="TestCases.InventoryPageTest" name="addProductTest" time="0.0">
    <ignored/>
  </testcase> <!-- addProductTest -->
  <testcase classname="TestCases.cartTest" name="verifyYourCartTextTest" time="0.0">
    <ignored/>
  </testcase> <!-- verifyYourCartTextTest -->
  <testcase classname="TestCases.CompletePageTest" name="verifyCompleteTextTest" time="0.0">
    <ignored/>
  </testcase> <!-- verifyCompleteTextTest -->
  <testcase classname="TestCases.CompletePageTest" name="verifyThankYouTextTest" time="0.0">
    <ignored/>
  </testcase> <!-- verifyThankYouTextTest -->
  <testcase classname="TestCases.cartTest" name="verifyContinueSoppinTest" time="0.0">
    <ignored/>
  </testcase> <!-- verifyContinueSoppinTest -->
  <testcase classname="TestCases.FinalPageTest" name="verifyPriceInfoTest" time="0.0">
    <ignored/>
  </testcase> <!-- verifyPriceInfoTest -->
</testsuite> <!-- Test -->
